<?xml version="1.0" encoding="UTF-8" ?>
<testsuite tests="11" failures="0" name="edu.lmu.cmsi281.assignment4.LinkedNmostRecentTest" time="0.016" errors="0" skipped="0">
  <properties>
[...]
</properties>
  <testcase classname="edu.lmu.cmsi281.assignment4.LinkedNmostRecentTest" name="testNewestLessN" time="0.016"/>
  <testcase classname="edu.lmu.cmsi281.assignment4.LinkedNmostRecentTest" name="testNewestMoreN" time="0"/>
  <testcase classname="edu.lmu.cmsi281.assignment4.LinkedNmostRecentTest" name="testOldestLessN" time="0"/>
  <testcase classname="edu.lmu.cmsi281.assignment4.LinkedNmostRecentTest" name="testOldestMoreN" time="0"/>
  <testcase classname="edu.lmu.cmsi281.assignment4.LinkedNmostRecentTest" name="testSizePostReset" time="0"/>
  <testcase classname="edu.lmu.cmsi281.assignment4.LinkedNmostRecentTest" name="testSizeLessN" time="0"/>
  <testcase classname="edu.lmu.cmsi281.assignment4.LinkedNmostRecentTest" name="testSizeMoreN" time="0"/>
  <testcase classname="edu.lmu.cmsi281.assignment4.LinkedNmostRecentTest" name="testEmptyGetOldest" time="0"/>
  <testcase classname="edu.lmu.cmsi281.assignment4.LinkedNmostRecentTest" name="testEmptyGetRecent" time="0"/>
  <testcase classname="edu.lmu.cmsi281.assignment4.LinkedNmostRecentTest" name="testIterator" time="0"/>
  <testcase classname="edu.lmu.cmsi281.assignment4.LinkedNmostRecentTest" name="testNullAdd" time="0"/>
</testsuite>