<?xml version="1.0" encoding="UTF-8" ?>
<testsuite tests="9" failures="1" name="edu.lmu.cmsi281.Assignment2.shapes.SquareTest" time="0.001" errors="0" skipped="0">
  <properties>
[...]
</properties>
  <testcase classname="edu.lmu.cmsi281.Assignment2.shapes.SquareTest" name="isntSquareTest" time="0"/>
  <testcase classname="edu.lmu.cmsi281.Assignment2.shapes.SquareTest" name="cantTranslate" time="0"/>
  <testcase classname="edu.lmu.cmsi281.Assignment2.shapes.SquareTest" name="areaTest" time="0"/>
  <testcase classname="edu.lmu.cmsi281.Assignment2.shapes.SquareTest" name="perimeterTest" time="0"/>
  <testcase classname="edu.lmu.cmsi281.Assignment2.shapes.SquareTest" name="doesntContainsPointTest" time="0"/>
  <testcase classname="edu.lmu.cmsi281.Assignment2.shapes.SquareTest" name="isSquareTest" time="0"/>
  <testcase classname="edu.lmu.cmsi281.Assignment2.shapes.SquareTest" name="containsPointTest" time="0"/>
  <testcase classname="edu.lmu.cmsi281.Assignment2.shapes.SquareTest" name="getBounds" time="0"/>
  <testcase classname="edu.lmu.cmsi281.Assignment2.shapes.SquareTest" name="translateTest" time="0.001">
    <failure message="failure - did contain point expected:&lt;false&gt; but was:&lt;true&gt;" type="java.lang.AssertionError">java.lang.AssertionError: failure - did contain point expected:&lt;false&gt; but was:&lt;true&gt;
	at org.junit.Assert.fail(Assert.java:88)
	at org.junit.Assert.failNotEquals(Assert.java:743)
	at org.junit.Assert.assertEquals(Assert.java:118)
	at edu.lmu.cmsi281.Assignment2.shapes.SquareTest.translateTest(SquareTest.java:78)
	at sun.reflect.NativeMethodAccessorImpl.invoke0(Native Method)
	at sun.reflect.NativeMethodAccessorImpl.invoke(NativeMethodAccessorImpl.java:62)
	at sun.reflect.DelegatingMethodAccessorImpl.invoke(DelegatingMethodAccessorImpl.java:43)
	at java.lang.reflect.Method.invoke(Method.java:483)
	at org.junit.runners.model.FrameworkMethod$1.runReflectiveCall(FrameworkMethod.java:47)
	at org.junit.internal.runners.model.ReflectiveCallable.run(ReflectiveCallable.java:12)
	at org.junit.runners.model.FrameworkMethod.invokeExplosively(FrameworkMethod.java:44)
	at org.junit.internal.runners.statements.InvokeMethod.evaluate(InvokeMethod.java:17)
	at org.junit.internal.runners.statements.RunBefores.evaluate(RunBefores.java:26)
	at org.junit.runners.ParentRunner.runLeaf(ParentRunner.java:271)
	at org.junit.runners.BlockJUnit4ClassRunner.runChild(BlockJUnit4ClassRunner.java:70)
	at org.junit.runners.BlockJUnit4ClassRunner.runChild(BlockJUnit4ClassRunner.java:50)
	at org.junit.runners.ParentRunner$3.run(ParentRunner.java:238)
	at org.junit.runners.ParentRunner$1.schedule(ParentRunner.java:63)
	at org.junit.runners.ParentRunner.runChildren(ParentRunner.java:236)
	at org.junit.runners.ParentRunner.access$000(ParentRunner.java:53)
	at org.junit.runners.ParentRunner$2.evaluate(ParentRunner.java:229)
	at org.junit.runners.ParentRunner.run(ParentRunner.java:309)
	at org.apache.maven.surefire.junit4.JUnit4Provider.execute(JUnit4Provider.java:252)
	at org.apache.maven.surefire.junit4.JUnit4Provider.executeTestSet(JUnit4Provider.java:141)
	at org.apache.maven.surefire.junit4.JUnit4Provider.invoke(JUnit4Provider.java:112)
	at sun.reflect.NativeMethodAccessorImpl.invoke0(Native Method)
	at sun.reflect.NativeMethodAccessorImpl.invoke(NativeMethodAccessorImpl.java:62)
	at sun.reflect.DelegatingMethodAccessorImpl.invoke(DelegatingMethodAccessorImpl.java:43)
	at java.lang.reflect.Method.invoke(Method.java:483)
	at org.apache.maven.surefire.util.ReflectionUtils.invokeMethodWithArray(ReflectionUtils.java:189)
	at org.apache.maven.surefire.booter.ProviderFactory$ProviderProxy.invoke(ProviderFactory.java:165)
	at org.apache.maven.surefire.booter.ProviderFactory.invokeProvider(ProviderFactory.java:85)
	at org.apache.maven.surefire.booter.ForkedBooter.runSuitesInProcess(ForkedBooter.java:115)
	at org.apache.maven.surefire.booter.ForkedBooter.main(ForkedBooter.java:75)
</failure>
  </testcase>
</testsuite>