<?xml version="1.0" encoding="UTF-8" ?>
<testsuite tests="8" failures="0" name="edu.lmu.cmsi281.assignment5.ParenBalancerTest" time="0" errors="0" skipped="0">
  <properties>
[...]
</properties>
  <testcase classname="edu.lmu.cmsi281.assignment5.ParenBalancerTest" name="intricitmess" time="0"/>
  <testcase classname="edu.lmu.cmsi281.assignment5.ParenBalancerTest" name="notbalnRightWithBracket" time="0"/>
  <testcase classname="edu.lmu.cmsi281.assignment5.ParenBalancerTest" name="withLettersTest" time="0"/>
  <testcase classname="edu.lmu.cmsi281.assignment5.ParenBalancerTest" name="notbalnLeftWithParens" time="0"/>
  <testcase classname="edu.lmu.cmsi281.assignment5.ParenBalancerTest" name="notbalnLeftWithBracket" time="0"/>
  <testcase classname="edu.lmu.cmsi281.assignment5.ParenBalancerTest" name="notbalnRightWithParens" time="0"/>
  <testcase classname="edu.lmu.cmsi281.assignment5.ParenBalancerTest" name="rightNumWrongOrder" time="0"/>
  <testcase classname="edu.lmu.cmsi281.assignment5.ParenBalancerTest" name="webpageExample" time="0"/>
</testsuite>