<?xml version="1.0" encoding="UTF-8" ?>
<testsuite tests="15" failures="0" name="edu.lmu.cmsi281.assignment3.core.MovableObjectTest" time="0.017" errors="0" skipped="0">
  <properties>
[...]
</properties>
  <testcase classname="edu.lmu.cmsi281.assignment3.core.MovableObjectTest" name="checkPlayerWallCollision" time="0.005"/>
  <testcase classname="edu.lmu.cmsi281.assignment3.core.MovableObjectTest" name="printHitsTest" time="0"/>
  <testcase classname="edu.lmu.cmsi281.assignment3.core.MovableObjectTest" name="gameObjectMovement" time="0"/>
  <testcase classname="edu.lmu.cmsi281.assignment3.core.MovableObjectTest" name="testHits" time="0"/>
  <testcase classname="edu.lmu.cmsi281.assignment3.core.MovableObjectTest" name="checkMonster_ZX_BossCollision" time="0.002"/>
  <testcase classname="edu.lmu.cmsi281.assignment3.core.MovableObjectTest" name="badLocation" time="0.001"/>
  <testcase classname="edu.lmu.cmsi281.assignment3.core.MovableObjectTest" name="checkMonster_AS_BossCollision" time="0.001"/>
  <testcase classname="edu.lmu.cmsi281.assignment3.core.MovableObjectTest" name="checkMonster_ZX_PlayerCollision" time="0.003"/>
  <testcase classname="edu.lmu.cmsi281.assignment3.core.MovableObjectTest" name="checkBossPlayerCollision" time="0.001"/>
  <testcase classname="edu.lmu.cmsi281.assignment3.core.MovableObjectTest" name="checkPlayerMonster_ZX_Collision" time="0.001"/>
  <testcase classname="edu.lmu.cmsi281.assignment3.core.MovableObjectTest" name="checkPlayerRockCollision" time="0"/>
  <testcase classname="edu.lmu.cmsi281.assignment3.core.MovableObjectTest" name="checkPlayerBossCollision" time="0.001"/>
  <testcase classname="edu.lmu.cmsi281.assignment3.core.MovableObjectTest" name="checkMonster_AS_PlayerCollision" time="0.001"/>
  <testcase classname="edu.lmu.cmsi281.assignment3.core.MovableObjectTest" name="checkPlayerMonster_AS_Collision" time="0"/>
  <testcase classname="edu.lmu.cmsi281.assignment3.core.MovableObjectTest" name="checkPlayerTreeCollision" time="0.001"/>
</testsuite>